<?xml version="1.0" encoding="UTF-8"?>
<testsuite name="kodila.testing.collection.CollectionTestSuite" tests="2" skipped="0" failures="0" errors="0" timestamp="2019-04-05T09:50:37" hostname="DESKTOP-JNIJVR1" time="0.003">
  <properties/>
  <testcase name="testOddNumbersExterminatorEmptyList" classname="kodila.testing.collection.CollectionTestSuite" time="0.003"/>
  <testcase name="testOddNumbersExterminatorNormalList" classname="kodila.testing.collection.CollectionTestSuite" time="0.0"/>
  <system-out><![CDATA[We start the tests.
I start another partial test. Test number: 1
I finished this partial test.
I start another partial test. Test number: 2
I finished this partial test.
All tests are finished.
]]></system-out>
  <system-err><![CDATA[]]></system-err>
</testsuite>
